2025-10-20 14:15:26,853 - cammer_logger - INFO - Running CAMmer
2025-10-20 14:15:26,853 - cammer_logger - INFO - ['-l', 'F.Cu,In1.Cu,In2.Cu,B.Cu,F.Paste,B.Paste,F.Silkscreen,B.Silkscreen,F.Mask,B.Mask', '-e', 'Edge.Cuts,User.Comments']
2025-10-20 14:15:26,853 - cammer_logger - INFO - CAMMER START: 2025-10-20T14:15:26.853450
2025-10-20 14:15:31,809 - cammer_logger - INFO - 
START: 2025-10-20T14:15:26.853450
Board saved by user.
Zones filled by CAMmer.
Deleting existing C:\Users\pc235\Documents\GitHub\SparkFun_IM19_IMU_Breakout\Hardware\Production\SparkFun_IM19_IMU_Breakout_panelized.GTL
Renaming C:\Users\pc235\Documents\GitHub\SparkFun_IM19_IMU_Breakout\Hardware\Production\SparkFun_IM19_IMU_Breakout_panelized-F_Cu.gbr to C:\Users\pc235\Documents\GitHub\SparkFun_IM19_IMU_Breakout\Hardware\Production\SparkFun_IM19_IMU_Breakout_panelized.GTL
Deleting existing C:\Users\pc235\Documents\GitHub\SparkFun_IM19_IMU_Breakout\Hardware\Production\SparkFun_IM19_IMU_Breakout_panelized.GL2
Renaming C:\Users\pc235\Documents\GitHub\SparkFun_IM19_IMU_Breakout\Hardware\Production\SparkFun_IM19_IMU_Breakout_panelized-In1_Cu.gbr to C:\Users\pc235\Documents\GitHub\SparkFun_IM19_IMU_Breakout\Hardware\Production\SparkFun_IM19_IMU_Breakout_panelized.GL2
Deleting existing C:\Users\pc235\Documents\GitHub\SparkFun_IM19_IMU_Breakout\Hardware\Production\SparkFun_IM19_IMU_Breakout_panelized.GL3
Renaming C:\Users\pc235\Documents\GitHub\SparkFun_IM19_IMU_Breakout\Hardware\Production\SparkFun_IM19_IMU_Breakout_panelized-In2_Cu.gbr to C:\Users\pc235\Documents\GitHub\SparkFun_IM19_IMU_Breakout\Hardware\Production\SparkFun_IM19_IMU_Breakout_panelized.GL3
Deleting existing C:\Users\pc235\Documents\GitHub\SparkFun_IM19_IMU_Breakout\Hardware\Production\SparkFun_IM19_IMU_Breakout_panelized.GBL
Renaming C:\Users\pc235\Documents\GitHub\SparkFun_IM19_IMU_Breakout\Hardware\Production\SparkFun_IM19_IMU_Breakout_panelized-B_Cu.gbr to C:\Users\pc235\Documents\GitHub\SparkFun_IM19_IMU_Breakout\Hardware\Production\SparkFun_IM19_IMU_Breakout_panelized.GBL
Deleting existing C:\Users\pc235\Documents\GitHub\SparkFun_IM19_IMU_Breakout\Hardware\Production\SparkFun_IM19_IMU_Breakout_panelized.GTP
Renaming C:\Users\pc235\Documents\GitHub\SparkFun_IM19_IMU_Breakout\Hardware\Production\SparkFun_IM19_IMU_Breakout_panelized-F_Paste.gbr to C:\Users\pc235\Documents\GitHub\SparkFun_IM19_IMU_Breakout\Hardware\Production\SparkFun_IM19_IMU_Breakout_panelized.GTP
Deleting existing C:\Users\pc235\Documents\GitHub\SparkFun_IM19_IMU_Breakout\Hardware\Production\SparkFun_IM19_IMU_Breakout_panelized.GBP
Renaming C:\Users\pc235\Documents\GitHub\SparkFun_IM19_IMU_Breakout\Hardware\Production\SparkFun_IM19_IMU_Breakout_panelized-B_Paste.gbr to C:\Users\pc235\Documents\GitHub\SparkFun_IM19_IMU_Breakout\Hardware\Production\SparkFun_IM19_IMU_Breakout_panelized.GBP
Deleting existing C:\Users\pc235\Documents\GitHub\SparkFun_IM19_IMU_Breakout\Hardware\Production\SparkFun_IM19_IMU_Breakout_panelized.GTO
Renaming C:\Users\pc235\Documents\GitHub\SparkFun_IM19_IMU_Breakout\Hardware\Production\SparkFun_IM19_IMU_Breakout_panelized-F_Silkscreen.gbr to C:\Users\pc235\Documents\GitHub\SparkFun_IM19_IMU_Breakout\Hardware\Production\SparkFun_IM19_IMU_Breakout_panelized.GTO
Deleting existing C:\Users\pc235\Documents\GitHub\SparkFun_IM19_IMU_Breakout\Hardware\Production\SparkFun_IM19_IMU_Breakout_panelized.GBO
Renaming C:\Users\pc235\Documents\GitHub\SparkFun_IM19_IMU_Breakout\Hardware\Production\SparkFun_IM19_IMU_Breakout_panelized-B_Silkscreen.gbr to C:\Users\pc235\Documents\GitHub\SparkFun_IM19_IMU_Breakout\Hardware\Production\SparkFun_IM19_IMU_Breakout_panelized.GBO
Deleting existing C:\Users\pc235\Documents\GitHub\SparkFun_IM19_IMU_Breakout\Hardware\Production\SparkFun_IM19_IMU_Breakout_panelized.GTS
Renaming C:\Users\pc235\Documents\GitHub\SparkFun_IM19_IMU_Breakout\Hardware\Production\SparkFun_IM19_IMU_Breakout_panelized-F_Mask.gbr to C:\Users\pc235\Documents\GitHub\SparkFun_IM19_IMU_Breakout\Hardware\Production\SparkFun_IM19_IMU_Breakout_panelized.GTS
Deleting existing C:\Users\pc235\Documents\GitHub\SparkFun_IM19_IMU_Breakout\Hardware\Production\SparkFun_IM19_IMU_Breakout_panelized.GBS
Renaming C:\Users\pc235\Documents\GitHub\SparkFun_IM19_IMU_Breakout\Hardware\Production\SparkFun_IM19_IMU_Breakout_panelized-B_Mask.gbr to C:\Users\pc235\Documents\GitHub\SparkFun_IM19_IMU_Breakout\Hardware\Production\SparkFun_IM19_IMU_Breakout_panelized.GBS
Deleting existing C:\Users\pc235\Documents\GitHub\SparkFun_IM19_IMU_Breakout\Hardware\Production\SparkFun_IM19_IMU_Breakout_panelized.GKO
Renaming C:\Users\pc235\Documents\GitHub\SparkFun_IM19_IMU_Breakout\Hardware\Production\SparkFun_IM19_IMU_Breakout_panelized-Edge_Cuts.gbr to C:\Users\pc235\Documents\GitHub\SparkFun_IM19_IMU_Breakout\Hardware\Production\SparkFun_IM19_IMU_Breakout_panelized.GKO
Drill report: C:\Users\pc235\Documents\GitHub\SparkFun_IM19_IMU_Breakout\Hardware\Production\drill_report.rpt

2025-10-20 14:15:33,452 - cammer_logger - INFO - CAMmer complete
